<?xml version="1.0" encoding="UTF-8"?>
<!--
This is a prototypical file defining land-protection scenarios for use with protectLand.py.
The file is used by Xmplify.app to derive a corresponding XMLSchema file (protection-schema.xsd),
which is used to validate the user's protection XML file.
-->

<landProtection xmlns:xsi="http://www.w3.org/2001/XMLSchema-instance"
               xsi:noNamespaceSchemaLocation="../../etc/protection-schema.xsd">
    <!--
    <group> assigns to a set of regions a name that can be used in protection scenarios.

    A built-in "Global" group is defined on demand by the script with the 32 GCAM regions.
    -->
    <group name="Developing">
        <region>Africa_Eastern</region>
        <region>Africa_Northern</region>
        <region>Africa_Southern</region>
        <region>Africa_Western</region>
        <region>Central America and Caribbean</region>
        <region>Central Asia</region>
        <region>Colombia</region>
        <region>Middle East</region>
        <region>Pakistan</region>
        <region>South America_Northern</region>
        <region>South America_Southern</region>
        <region>South Asia</region>
        <region>Southeast Asia</region>
    </group>

    <group name="MiddleIncome">
        <region>Brazil</region>
        <region>China</region>
        <region>India</region>
        <region>Indonesia</region>
        <region>Mexico</region>
        <region>South Africa</region>
    </group>

    <group name="Developed">
        <region>Argentina</region>
        <region>Australia_NZ</region>
        <region>Canada</region>
        <region>Europe</region>     <!-- group names (e.g., Europe) are expanded to the underlying regions -->
        <region>Japan</region>
        <region>Russia</region>
        <region>South Korea</region>
        <region>Taiwan</region>
        <region>USA</region>
    </group>

    <scenario name="scen1">
        <!--
        Scenarios define a level of land protection for regions or groups.
        Regions are processed in the order defined. Any redefinition of the
        protection in a region overwrites what was given previously. This
        allows the use of groups followed by differentiation for individual
        regions within the group.
        -->
        <protectedRegion name="Developing">
            <protection fraction="0.5">
                <landClass>UnmanagedForest</landClass>
                <landClass>UnmanagedPasture</landClass>
            </protection>
            <protection fraction="0.25">
                <landClass>Shrubland</landClass>
                <landClass>Grassland</landClass>
            </protection>
        </protectedRegion>

        <protectedRegion name="MiddleIncome">
            <protection fraction="0.7">
                <landClass>UnmanagedForest</landClass>
                <landClass>UnmanagedPasture</landClass>
            </protection>
            <protection fraction="0.4">
                <landClass>Shrubland</landClass>
                <landClass>Grassland</landClass>
            </protection>
        </protectedRegion>

        <!-- This overrides Brazil's definition in MiddleIncome -->
        <protectedRegion name="Brazil">
            <protection fraction="0.5">
                <landClass>UnmanagedForest</landClass>
            </protection>
            <protection fraction="0.4">
                <landClass>UnmanagedPasture</landClass>
                <landClass>Shrubland</landClass>
                <landClass>Grassland</landClass>
            </protection>
        </protectedRegion>

        <protectedRegion name="Developed">
            <protection fraction="0.9">
                <landClass>UnmanagedForest</landClass>
                <landClass>UnmanagedPasture</landClass>
            </protection>
            <protection fraction="0.5">
                <landClass>Shrubland</landClass>
                <landClass>Grassland</landClass>
            </protection>
        </protectedRegion>
    </scenario>
    
    <group name="Europe">
        <region>EU-12</region>
        <region>EU-15</region>
        <region>Europe_Eastern</region>
        <region>Europe_Non_EU</region>
        <region>European Free Trade Association</region>
    </group>
    
    <scenario name="protectHalf">
        <protectedRegion name="Global">
            <protection fraction="0.5">
                <landClass>UnmanagedForest</landClass>
                <landClass>UnmanagedPasture</landClass>
                <landClass>Shrubland</landClass>
                <landClass>Grassland</landClass>
            </protection>
        </protectedRegion>
    </scenario>
</landProtection>
